<?xml version="1.0" encoding="UTF-8"?>
<testsuite name="com.greenfoxacademy.mybookshelf.controllers.UserServiceTests" tests="4" skipped="0" failures="0" errors="0" timestamp="2021-03-20T16:59:31" hostname="LENOVO-T420" time="0.142">
  <properties/>
  <testcase name="saveUserShouldSaveUser()" classname="com.greenfoxacademy.mybookshelf.controllers.UserServiceTests" time="0.098"/>
  <testcase name="saveAndHashPasswordShouldEncodePasswordAndSaveUserCorrectly()" classname="com.greenfoxacademy.mybookshelf.controllers.UserServiceTests" time="0.008"/>
  <testcase name="validateUserShouldValidateCorrectPassword()" classname="com.greenfoxacademy.mybookshelf.controllers.UserServiceTests" time="0.007"/>
  <testcase name="existsByUsernameShouldReturnCorrectly()" classname="com.greenfoxacademy.mybookshelf.controllers.UserServiceTests" time="0.003"/>
  <system-out><![CDATA[]]></system-out>
  <system-err><![CDATA[]]></system-err>
</testsuite>
