<?xml version="1.0" encoding="UTF-8"?>
<testsuite name="com.greenfoxacademy.mybookshelf.controllers.UserServiceTests" tests="1" skipped="0" failures="0" errors="0" timestamp="2021-03-13T11:43:46" hostname="LENOVO-T420" time="0.088">
  <properties/>
  <testcase name="saveAndHashPassword()" classname="com.greenfoxacademy.mybookshelf.controllers.UserServiceTests" time="0.088"/>
  <system-out><![CDATA[]]></system-out>
  <system-err><![CDATA[]]></system-err>
</testsuite>
